<?xml version="1.0" encoding="UTF-8"?>
<!-- Generated by org.testng.reporters.JUnitReportReporter -->
<testsuite hostname="LT-53JXL63" failures="0" tests="1" name="main.AppiumMethods" time="6.374" errors="0" timestamp="2022-04-26T10:33:47 IST" skipped="0">
  <testcase classname="main.AppiumMethods" name="ratingBar" time="6.374"/>
  <system-out/>
</testsuite> <!-- main.AppiumMethods -->
