<?xml version="1.0" encoding="UTF-8"?>
<!-- Generated by org.testng.reporters.JUnitReportReporter -->
<testsuite skipped="0" hostname="LT-53JXL63" name="main.FirstAppiumClass" tests="1" failures="0" timestamp="2022-04-27T10:58:28 IST" time="19.389" errors="0">
  <testcase name="dropDown" time="19.389" classname="main.FirstAppiumClass"/>
  <system-out/>
</testsuite> <!-- main.FirstAppiumClass -->
